<?xml version="1.0" encoding="UTF-8"?>
<!-- Generated by org.testng.reporters.JUnitReportReporter -->
<testsuite skipped="0" hostname="4PBP1N2" name="PhpTravel.NewTest" tests="2" failures="0" timestamp="20 Sep 2018 17:36:22 GMT" time="3.107" errors="0">
  <testcase name="verifyLandingPage" time="2.943" classname="PhpTravel.NewTest"/>
  <testcase name="verifyloginPage" time="0.164" classname="PhpTravel.NewTest"/>
</testsuite> <!-- PhpTravel.NewTest -->
