<?xml version="1.0" encoding="UTF-8"?>
<!-- Generated by org.testng.reporters.JUnitReportReporter -->
<testsuite skipped="0" hostname="4PBP1N2" name="PhpTravel.LandingPageTest" tests="3" failures="0" timestamp="21 Sep 2018 11:44:26 GMT" time="73.201" errors="0">
  <testcase name="verifyScreenTitle2" time="31.579" classname="PhpTravel.LandingPageTest"/>
  <testcase name="verifyScreenTitle1" time="21.047" classname="PhpTravel.LandingPageTest"/>
  <testcase name="verifyScreenTitle3" time="20.575" classname="PhpTravel.LandingPageTest"/>
</testsuite> <!-- PhpTravel.LandingPageTest -->
